[0630/170121:ERROR:file_io.cc(30)] read: expected 36, observed 0
[0630/191047:ERROR:process_info.cc(330)] VirtualQueryEx: Access is denied. (0x5)
[0630/191047:ERROR:process_info.cc(547)] ReadMemoryInfo failed
[0630/191047:ERROR:process_info.cc(608)] range at 0xffa0e000, size 0x230 fully unreadable
[0630/191047:ERROR:process_info.cc(608)] range at 0x774c8b40, size 0x24 fully unreadable
[0630/191047:ERROR:process_info.cc(608)] range at 0x773c66b8, size 0x12 fully unreadable
[0630/191047:ERROR:process_info.cc(608)] range at 0x773c66b8, size 0x12 fully unreadable
[0630/191047:ERROR:process_info.cc(608)] range at 0x773c66b8, size 0x12 fully unreadable
[0630/191047:ERROR:process_info.cc(608)] range at 0x774c6410, size 0x18 fully unreadable
[0630/191047:ERROR:process_info.cc(608)] range at 0x774c6b6c, size 0x20 fully unreadable
[0630/191047:ERROR:process_reader_win.cc(141)] SuspendThread: Access is denied. (0x5)
[0630/191047:ERROR:exception_snapshot_win.cc(57)] thread ID 6872 not found in process
[0630/191047:WARNING:crash_report_exception_handler.cc(60)] ProcessSnapshotWin::InitializeException failed
[0630/191047:ERROR:scoped_process_suspend.cc(38)] NtResumeProcess, ntstatus=-1073741558
[0630/191403:ERROR:process_info.cc(330)] VirtualQueryEx: Access is denied. (0x5)
[0630/191403:ERROR:process_info.cc(547)] ReadMemoryInfo failed
[0630/191403:ERROR:process_info.cc(608)] range at 0xff25a000, size 0x230 fully unreadable
[0630/191403:ERROR:process_info.cc(608)] range at 0x774c8b40, size 0x24 fully unreadable
[0630/191403:ERROR:process_info.cc(608)] range at 0x773c66b8, size 0x12 fully unreadable
[0630/191403:ERROR:process_info.cc(608)] range at 0x773c66b8, size 0x12 fully unreadable
[0630/191403:ERROR:process_info.cc(608)] range at 0x773c66b8, size 0x12 fully unreadable
[0630/191403:ERROR:process_info.cc(608)] range at 0x774c6410, size 0x18 fully unreadable
[0630/191403:ERROR:process_info.cc(608)] range at 0x774c6b6c, size 0x20 fully unreadable
[0630/191403:ERROR:process_reader_win.cc(141)] SuspendThread: Access is denied. (0x5)
[0630/191403:ERROR:exception_snapshot_win.cc(57)] thread ID 7556 not found in process
[0630/191403:WARNING:crash_report_exception_handler.cc(60)] ProcessSnapshotWin::InitializeException failed
[0630/191403:ERROR:scoped_process_suspend.cc(38)] NtResumeProcess, ntstatus=-1073741558
